Change Component Designator: OldDesignator= NewDesignator=5V
Added Component: Designator=*(GND)
Added Component: Designator=L1(LED)
Add component (AddParameter): Name = "Supplier 1"; Value = "Digi-Key"; VariantName = "[No Variations]"
Add component (AddParameter): Name = "Supplier Part Number 1"; Value = "754-1502-1-ND"; VariantName = "[No Variations]"
Added Component: Designator=L2(LED)
Add component (AddParameter): Name = "Supplier 1"; Value = "Digi-Key"; VariantName = "[No Variations]"
Add component (AddParameter): Name = "Supplier Part Number 1"; Value = "754-1502-1-ND"; VariantName = "[No Variations]"
Added Component: Designator=L3(LED)
Add component (AddParameter): Name = "Supplier 1"; Value = "Digi-Key"; VariantName = "[No Variations]"
Add component (AddParameter): Name = "Supplier Part Number 1"; Value = "754-1502-1-ND"; VariantName = "[No Variations]"
Added Component: Designator=L4(LED)
Add component (AddParameter): Name = "Supplier 1"; Value = "Digi-Key"; VariantName = "[No Variations]"
Add component (AddParameter): Name = "Supplier Part Number 1"; Value = "754-1502-1-ND"; VariantName = "[No Variations]"
Added Component: Designator=L5(LED)
Add component (AddParameter): Name = "Supplier 1"; Value = "Digi-Key"; VariantName = "[No Variations]"
Add component (AddParameter): Name = "Supplier Part Number 1"; Value = "754-1502-1-ND"; VariantName = "[No Variations]"
Added Component: Designator=L6(LED)
Add component (AddParameter): Name = "Supplier 1"; Value = "Digi-Key"; VariantName = "[No Variations]"
Add component (AddParameter): Name = "Supplier Part Number 1"; Value = "754-1502-1-ND"; VariantName = "[No Variations]"
Added Component: Designator=L7(LED)
Add component (AddParameter): Name = "Supplier 1"; Value = "Digi-Key"; VariantName = "[No Variations]"
Add component (AddParameter): Name = "Supplier Part Number 1"; Value = "754-1502-1-ND"; VariantName = "[No Variations]"
Added Component: Designator=L8(LED)
Add component (AddParameter): Name = "Supplier 1"; Value = "Digi-Key"; VariantName = "[No Variations]"
Add component (AddParameter): Name = "Supplier Part Number 1"; Value = "754-1502-1-ND"; VariantName = "[No Variations]"
Added Component: Designator=R1(Resistor (NO VAL ASSIGNED))
Add component (AddParameter): Name = "Supplier 1"; Value = "Digi-Key"; VariantName = "[No Variations]"
Add component (AddParameter): Name = "Supplier Part Number 1"; Value = "CSR0603JKR100CT-ND"; VariantName = "[No Variations]"
Added Component: Designator=R2(Resistor (NO VAL ASSIGNED))
Add component (AddParameter): Name = "Supplier 1"; Value = "Digi-Key"; VariantName = "[No Variations]"
Add component (AddParameter): Name = "Supplier Part Number 1"; Value = "CSR0603JKR100CT-ND"; VariantName = "[No Variations]"
Added Component: Designator=R3(Resistor (NO VAL ASSIGNED))
Add component (AddParameter): Name = "Supplier 1"; Value = "Digi-Key"; VariantName = "[No Variations]"
Add component (AddParameter): Name = "Supplier Part Number 1"; Value = "CSR0603JKR100CT-ND"; VariantName = "[No Variations]"
Added Component: Designator=R4(Resistor (NO VAL ASSIGNED))
Add component (AddParameter): Name = "Supplier 1"; Value = "Digi-Key"; VariantName = "[No Variations]"
Add component (AddParameter): Name = "Supplier Part Number 1"; Value = "CSR0603JKR100CT-ND"; VariantName = "[No Variations]"
Added Component: Designator=R5(Resistor (NO VAL ASSIGNED))
Add component (AddParameter): Name = "Supplier 1"; Value = "Digi-Key"; VariantName = "[No Variations]"
Add component (AddParameter): Name = "Supplier Part Number 1"; Value = "CSR0603JKR100CT-ND"; VariantName = "[No Variations]"
Added Component: Designator=R6(Resistor (NO VAL ASSIGNED))
Add component (AddParameter): Name = "Supplier 1"; Value = "Digi-Key"; VariantName = "[No Variations]"
Add component (AddParameter): Name = "Supplier Part Number 1"; Value = "CSR0603JKR100CT-ND"; VariantName = "[No Variations]"
Added Component: Designator=R7(Resistor (NO VAL ASSIGNED))
Add component (AddParameter): Name = "Supplier 1"; Value = "Digi-Key"; VariantName = "[No Variations]"
Add component (AddParameter): Name = "Supplier Part Number 1"; Value = "CSR0603JKR100CT-ND"; VariantName = "[No Variations]"
Added Component: Designator=R8(Resistor (NO VAL ASSIGNED))
Add component (AddParameter): Name = "Supplier 1"; Value = "Digi-Key"; VariantName = "[No Variations]"
Add component (AddParameter): Name = "Supplier Part Number 1"; Value = "CSR0603JKR100CT-ND"; VariantName = "[No Variations]"
Added Pin To Net: NetName=Net5V_1 Pin=R1-2
Added Pin To Net: NetName=Net5V_1 Pin=R2-2
Added Pin To Net: NetName=Net5V_1 Pin=R3-2
Added Pin To Net: NetName=Net5V_1 Pin=R4-2
Added Pin To Net: NetName=Net5V_1 Pin=R5-2
Added Pin To Net: NetName=Net5V_1 Pin=R6-2
Added Pin To Net: NetName=Net5V_1 Pin=R7-2
Added Pin To Net: NetName=Net5V_1 Pin=R8-2
Added Net: Name=Net*_1
Added Pin To Net: NetName=NetL1_+ Pin=R1-1
Added Net: Name=NetL1_+
Added Pin To Net: NetName=NetL2_+ Pin=R2-1
Added Net: Name=NetL2_+
Added Pin To Net: NetName=NetL3_+ Pin=R3-1
Added Net: Name=NetL3_+
Added Pin To Net: NetName=NetL4_+ Pin=R4-1
Added Net: Name=NetL4_+
Added Pin To Net: NetName=NetL5_+ Pin=R5-1
Added Net: Name=NetL5_+
Added Pin To Net: NetName=NetL6_+ Pin=R6-1
Added Net: Name=NetL6_+
Added Pin To Net: NetName=NetL7_+ Pin=R7-1
Added Net: Name=NetL7_+
Added Pin To Net: NetName=NetL8_+ Pin=R8-1
Added Net: Name=NetL8_+
Added Member To Class: ClassName=NavLightsSchem Member=Component * GND
Added Member To Class: ClassName=NavLightsSchem Member=Component 5V Voltage Source
Added Member To Class: ClassName=NavLightsSchem Member=Component L1 LED
Added Member To Class: ClassName=NavLightsSchem Member=Component L2 LED
Added Member To Class: ClassName=NavLightsSchem Member=Component L3 LED
Added Member To Class: ClassName=NavLightsSchem Member=Component L4 LED
Added Member To Class: ClassName=NavLightsSchem Member=Component L5 LED
Added Member To Class: ClassName=NavLightsSchem Member=Component L6 LED
Added Member To Class: ClassName=NavLightsSchem Member=Component L7 LED
Added Member To Class: ClassName=NavLightsSchem Member=Component L8 LED
Added Member To Class: ClassName=NavLightsSchem Member=Component R1 100
Added Member To Class: ClassName=NavLightsSchem Member=Component R2 100
Added Member To Class: ClassName=NavLightsSchem Member=Component R3 100
Added Member To Class: ClassName=NavLightsSchem Member=Component R4 100
Added Member To Class: ClassName=NavLightsSchem Member=Component R5 100
Added Member To Class: ClassName=NavLightsSchem Member=Component R6 100
Added Member To Class: ClassName=NavLightsSchem Member=Component R7 100
Added Member To Class: ClassName=NavLightsSchem Member=Component R8 100
Added Room: Name=NavLightsSchem
