Added Component: Designator=5V(TPV1)
Added Component: Designator=L1(LED)
Added Component: Designator=L2(LED)
Added Component: Designator=L3(LED)
Added Component: Designator=L4(LED)
Added Component: Designator=L5(LED)
Added Component: Designator=L6(LED)
Added Component: Designator=L7(LED)
Added Component: Designator=L8(LED)
Added Component: Designator=L9(LED)
Added Component: Designator=L10(LED)
Added Component: Designator=L11(LED)
Added Component: Designator=L12(LED)
Added Component: Designator=L13(LED)
Added Component: Designator=L14(LED)
Added Component: Designator=L15(LED)
Added Component: Designator=L16(LED)
Added Component: Designator=L17(LED)
Added Component: Designator=L18(LED)
Added Component: Designator=L19(LED)
Added Component: Designator=L20(LED)
Added Component: Designator=R1(Resistor (NO VAL ASSIGNED))
Added Component: Designator=R2(Resistor (NO VAL ASSIGNED))
Added Component: Designator=R3(Resistor (NO VAL ASSIGNED))
Added Component: Designator=R4(Resistor (NO VAL ASSIGNED))
Added Component: Designator=R5(Resistor (NO VAL ASSIGNED))
Added Component: Designator=R6(Resistor (NO VAL ASSIGNED))
Added Component: Designator=R7(Resistor (NO VAL ASSIGNED))
Added Component: Designator=R8(Resistor (NO VAL ASSIGNED))
Added Component: Designator=R9(Resistor (NO VAL ASSIGNED))
Added Component: Designator=R10(Resistor (NO VAL ASSIGNED))
Added Component: Designator=R11(Resistor (NO VAL ASSIGNED))
Added Component: Designator=R12(Resistor (NO VAL ASSIGNED))
Added Component: Designator=R13(Resistor (NO VAL ASSIGNED))
Added Component: Designator=R14(Resistor (NO VAL ASSIGNED))
Added Component: Designator=R15(Resistor (NO VAL ASSIGNED))
Added Component: Designator=R16(Resistor (NO VAL ASSIGNED))
Added Component: Designator=R17(Resistor (NO VAL ASSIGNED))
Added Component: Designator=R18(Resistor (NO VAL ASSIGNED))
Added Component: Designator=R19(Resistor (NO VAL ASSIGNED))
Added Component: Designator=R20(Resistor (NO VAL ASSIGNED))
Added Pin To Net: NetName=GND Pin=L1-1
Added Pin To Net: NetName=GND Pin=L2-1
Added Pin To Net: NetName=GND Pin=L3-1
Added Pin To Net: NetName=GND Pin=L4-1
Added Pin To Net: NetName=GND Pin=L5-1
Added Pin To Net: NetName=GND Pin=L6-1
Added Pin To Net: NetName=GND Pin=L7-1
Added Pin To Net: NetName=GND Pin=L8-1
Added Pin To Net: NetName=GND Pin=L9-1
Added Pin To Net: NetName=GND Pin=L10-1
Added Pin To Net: NetName=GND Pin=L11-1
Added Pin To Net: NetName=GND Pin=L12-1
Added Pin To Net: NetName=GND Pin=L13-1
Added Pin To Net: NetName=GND Pin=L14-1
Added Pin To Net: NetName=GND Pin=L15-1
Added Pin To Net: NetName=GND Pin=L16-1
Added Pin To Net: NetName=GND Pin=L17-1
Added Pin To Net: NetName=GND Pin=L18-1
Added Pin To Net: NetName=GND Pin=L19-1
Added Pin To Net: NetName=GND Pin=L20-1
Added Net: Name=GND
Added Pin To Net: NetName=Net5V_1 Pin=5V-1
Added Pin To Net: NetName=Net5V_1 Pin=R1-2
Added Pin To Net: NetName=Net5V_1 Pin=R2-2
Added Pin To Net: NetName=Net5V_1 Pin=R3-2
Added Pin To Net: NetName=Net5V_1 Pin=R4-2
Added Pin To Net: NetName=Net5V_1 Pin=R5-2
Added Pin To Net: NetName=Net5V_1 Pin=R6-2
Added Pin To Net: NetName=Net5V_1 Pin=R7-2
Added Pin To Net: NetName=Net5V_1 Pin=R8-2
Added Pin To Net: NetName=Net5V_1 Pin=R9-2
Added Pin To Net: NetName=Net5V_1 Pin=R10-2
Added Pin To Net: NetName=Net5V_1 Pin=R11-2
Added Pin To Net: NetName=Net5V_1 Pin=R12-2
Added Pin To Net: NetName=Net5V_1 Pin=R13-2
Added Pin To Net: NetName=Net5V_1 Pin=R14-2
Added Pin To Net: NetName=Net5V_1 Pin=R15-2
Added Pin To Net: NetName=Net5V_1 Pin=R16-2
Added Pin To Net: NetName=Net5V_1 Pin=R17-2
Added Pin To Net: NetName=Net5V_1 Pin=R18-2
Added Pin To Net: NetName=Net5V_1 Pin=R19-2
Added Pin To Net: NetName=Net5V_1 Pin=R20-2
Added Net: Name=Net5V_1
Added Pin To Net: NetName=NetL1_2 Pin=L1-2
Added Pin To Net: NetName=NetL1_2 Pin=R1-1
Added Net: Name=NetL1_2
Added Pin To Net: NetName=NetL2_2 Pin=L2-2
Added Pin To Net: NetName=NetL2_2 Pin=R2-1
Added Net: Name=NetL2_2
Added Pin To Net: NetName=NetL3_2 Pin=L3-2
Added Pin To Net: NetName=NetL3_2 Pin=R3-1
Added Net: Name=NetL3_2
Added Pin To Net: NetName=NetL4_2 Pin=L4-2
Added Pin To Net: NetName=NetL4_2 Pin=R4-1
Added Net: Name=NetL4_2
Added Pin To Net: NetName=NetL5_2 Pin=L5-2
Added Pin To Net: NetName=NetL5_2 Pin=R5-1
Added Net: Name=NetL5_2
Added Pin To Net: NetName=NetL6_2 Pin=L6-2
Added Pin To Net: NetName=NetL6_2 Pin=R6-1
Added Net: Name=NetL6_2
Added Pin To Net: NetName=NetL7_2 Pin=L7-2
Added Pin To Net: NetName=NetL7_2 Pin=R7-1
Added Net: Name=NetL7_2
Added Pin To Net: NetName=NetL8_2 Pin=L8-2
Added Pin To Net: NetName=NetL8_2 Pin=R8-1
Added Net: Name=NetL8_2
Added Pin To Net: NetName=NetL9_2 Pin=L9-2
Added Pin To Net: NetName=NetL9_2 Pin=R9-1
Added Net: Name=NetL9_2
Added Pin To Net: NetName=NetL10_2 Pin=L10-2
Added Pin To Net: NetName=NetL10_2 Pin=R10-1
Added Net: Name=NetL10_2
Added Pin To Net: NetName=NetL11_2 Pin=L11-2
Added Pin To Net: NetName=NetL11_2 Pin=R11-1
Added Net: Name=NetL11_2
Added Pin To Net: NetName=NetL12_2 Pin=L12-2
Added Pin To Net: NetName=NetL12_2 Pin=R12-1
Added Net: Name=NetL12_2
Added Pin To Net: NetName=NetL13_2 Pin=L13-2
Added Pin To Net: NetName=NetL13_2 Pin=R13-1
Added Net: Name=NetL13_2
Added Pin To Net: NetName=NetL14_2 Pin=L14-2
Added Pin To Net: NetName=NetL14_2 Pin=R14-1
Added Net: Name=NetL14_2
Added Pin To Net: NetName=NetL15_2 Pin=L15-2
Added Pin To Net: NetName=NetL15_2 Pin=R15-1
Added Net: Name=NetL15_2
Added Pin To Net: NetName=NetL16_2 Pin=L16-2
Added Pin To Net: NetName=NetL16_2 Pin=R16-1
Added Net: Name=NetL16_2
Added Pin To Net: NetName=NetL17_2 Pin=L17-2
Added Pin To Net: NetName=NetL17_2 Pin=R17-1
Added Net: Name=NetL17_2
Added Pin To Net: NetName=NetL18_2 Pin=L18-2
Added Pin To Net: NetName=NetL18_2 Pin=R18-1
Added Net: Name=NetL18_2
Added Pin To Net: NetName=NetL19_2 Pin=L19-2
Added Pin To Net: NetName=NetL19_2 Pin=R19-1
Added Net: Name=NetL19_2
Added Pin To Net: NetName=NetL20_2 Pin=L20-2
Added Pin To Net: NetName=NetL20_2 Pin=R20-1
Added Net: Name=NetL20_2
Added Class: Name=NavLightsSchem
Added Room: Name=NavLightsSchem
